220211143703.996 INFO 'ansible_navigator.setup_logger' New ansible-navigator instance, logging initialized
220211143703.996 INFO 'ansible_navigator.setup_logger' New ansible-runner instance, logging initialized
220211143703.997 DEBUG 'ansible_navigator.main' Share directory '/usr/lib/python3.8/share/ansible_navigator' not found (development path)
220211143703.997 DEBUG 'ansible_navigator.main' Share directory '/home/truch/.local/share/ansible_navigator' not found (userbase)
220211143703.997 DEBUG 'ansible_navigator.main' Share directory '/usr/share/ansible_navigator' found (sys.prefix)
220211143703.997 DEBUG 'ansible_navigator.main' Default collection_doc_cache_path set to: /home/truch/.cache/ansible-navigator/collection_doc_cache.db
220211143703.997 DEBUG 'ansible_navigator.main' EDITOR environment variable not set
220211143703.997 DEBUG 'ansible_navigator.main' Default editor_command set to: vi +{line_number} {filename}
220211143703.997 DEBUG 'ansible_navigator.main' No config file set by ANSIBLE_NAVIGATOR_CONFIG
220211143703.997 DEBUG 'ansible_navigator.main' Looking in /home/truch
220211143703.997 DEBUG 'ansible_navigator.main' Looking for '/home/truch/.ansible-navigator.yml', '/home/truch/.ansible-navigator.yaml' and '/home/truch/.ansible-navigator.json'
220211143703.997 DEBUG 'ansible_navigator.main' Found 0: 
220211143703.997 DEBUG 'ansible_navigator.main' Looking in /home/truch/ansible-examples/yum-update
220211143703.997 DEBUG 'ansible_navigator.main' Looking for '/home/truch/ansible-examples/yum-update/ansible-navigator.yml', '/home/truch/ansible-examples/yum-update/ansible-navigator.yaml' and '/home/truch/ansible-examples/yum-update/ansible-navigator.json'
220211143703.997 DEBUG 'ansible_navigator.main' Found 0: 
220211143703.997 DEBUG 'ansible_navigator.main' All found 0: 
220211143703.997 DEBUG 'ansible_navigator.main' Using: None
220211143703.997 DEBUG 'ansible_navigator.main' No valid settings file found, using all default values for settings.
220211143703.997 DEBUG 'ansible_navigator.main' Command provided: '-m stdout site.yml'
220211143703.997 WARNING 'ansible_navigator.main' Configuration errors encountered, rolling back to previous configuration.
220211143703.997 DEBUG 'ansible_navigator.main' Prior to rollback: ansible_runner_artifact_dir = 'Constants.NOT_SET' (Constants/value has not been set)
220211143703.997 DEBUG 'ansible_navigator.main' Prior to rollback: ansible_runner_rotate_artifacts_count = 'Constants.NOT_SET' (Constants/value has not been set)
220211143703.997 DEBUG 'ansible_navigator.main' Prior to rollback: ansible_runner_timeout = 'Constants.NOT_SET' (Constants/value has not been set)
220211143703.997 DEBUG 'ansible_navigator.main' Prior to rollback: app = 'welcome' (str/default configuration value)
220211143703.997 DEBUG 'ansible_navigator.main' Prior to rollback: cmdline = 'Constants.NOT_SET' (Constants/value has not been set)
220211143703.997 DEBUG 'ansible_navigator.main' Prior to rollback: collection_doc_cache_path = '/home/truch/.cache/ansible-navigator/collection_doc_cache.db' (str/default configuration value)
220211143703.997 DEBUG 'ansible_navigator.main' Prior to rollback: config = 'Constants.NOT_SET' (Constants/value has not been set)
220211143703.997 DEBUG 'ansible_navigator.main' Prior to rollback: container_engine = 'auto' (str/default configuration value)
220211143703.997 DEBUG 'ansible_navigator.main' Prior to rollback: container_options = 'Constants.NOT_SET' (Constants/value has not been set)
220211143703.997 DEBUG 'ansible_navigator.main' Prior to rollback: display_color = 'True' (bool/default configuration value)
220211143703.997 DEBUG 'ansible_navigator.main' Prior to rollback: editor_command = 'vi +{line_number} {filename}' (str/default configuration value)
220211143703.997 DEBUG 'ansible_navigator.main' Prior to rollback: editor_console = 'True' (bool/default configuration value)
220211143703.997 DEBUG 'ansible_navigator.main' Prior to rollback: execution_environment = 'True' (bool/default configuration value)
220211143703.997 DEBUG 'ansible_navigator.main' Prior to rollback: execution_environment_image = 'registry.redhat.io/ansible-automation-platform-21/ee-supported-rhel8:latest' (str/default configuration value)
220211143703.997 DEBUG 'ansible_navigator.main' Prior to rollback: execution_environment_volume_mounts = 'Constants.NOT_SET' (Constants/value has not been set)
220211143703.997 DEBUG 'ansible_navigator.main' Prior to rollback: help_config = 'False' (bool/default configuration value)
220211143703.997 DEBUG 'ansible_navigator.main' Prior to rollback: help_doc = 'False' (bool/default configuration value)
220211143703.997 DEBUG 'ansible_navigator.main' Prior to rollback: help_inventory = 'False' (bool/default configuration value)
220211143703.997 DEBUG 'ansible_navigator.main' Prior to rollback: help_playbook = 'False' (bool/default configuration value)
220211143703.997 DEBUG 'ansible_navigator.main' Prior to rollback: inventory = 'Constants.NOT_SET' (Constants/value has not been set)
220211143703.997 DEBUG 'ansible_navigator.main' Prior to rollback: inventory_column = 'Constants.NOT_SET' (Constants/value has not been set)
220211143703.997 DEBUG 'ansible_navigator.main' Prior to rollback: log_append = 'True' (bool/default configuration value)
220211143703.997 DEBUG 'ansible_navigator.main' Prior to rollback: log_file = '/home/truch/ansible-examples/yum-update/ansible-navigator.log' (str/default configuration value)
220211143703.997 DEBUG 'ansible_navigator.main' Prior to rollback: log_level = 'warning' (str/default configuration value)
220211143703.997 DEBUG 'ansible_navigator.main' Prior to rollback: mode = 'interactive' (str/default configuration value)
220211143703.997 DEBUG 'ansible_navigator.main' Prior to rollback: osc4 = 'True' (bool/default configuration value)
220211143703.997 DEBUG 'ansible_navigator.main' Prior to rollback: pass_environment_variable = 'Constants.NOT_SET' (Constants/value has not been set)
220211143703.997 DEBUG 'ansible_navigator.main' Prior to rollback: playbook = 'Constants.NOT_SET' (Constants/value has not been set)
220211143703.997 DEBUG 'ansible_navigator.main' Prior to rollback: playbook_artifact_enable = 'True' (bool/default configuration value)
220211143703.997 DEBUG 'ansible_navigator.main' Prior to rollback: playbook_artifact_replay = 'Constants.NOT_SET' (Constants/value has not been set)
220211143703.997 DEBUG 'ansible_navigator.main' Prior to rollback: playbook_artifact_save_as = '{playbook_dir}/{playbook_name}-artifact-{ts_utc}.json' (str/default configuration value)
220211143703.997 DEBUG 'ansible_navigator.main' Prior to rollback: plugin_name = 'Constants.NOT_SET' (Constants/value has not been set)
220211143703.998 DEBUG 'ansible_navigator.main' Prior to rollback: plugin_type = 'module' (str/default configuration value)
220211143703.998 DEBUG 'ansible_navigator.main' Prior to rollback: pull_policy = 'tag' (str/default configuration value)
220211143703.998 DEBUG 'ansible_navigator.main' Prior to rollback: set_environment_variable = 'Constants.NOT_SET' (Constants/value has not been set)
220211143703.998 DEBUG 'ansible_navigator.main' After rollback: ansible_runner_artifact_dir = 'Constants.NOT_SET' (Constants/value has not been set)
220211143703.998 DEBUG 'ansible_navigator.main' After rollback: ansible_runner_rotate_artifacts_count = 'Constants.NOT_SET' (Constants/value has not been set)
220211143703.998 DEBUG 'ansible_navigator.main' After rollback: ansible_runner_timeout = 'Constants.NOT_SET' (Constants/value has not been set)
220211143703.998 DEBUG 'ansible_navigator.main' After rollback: app = 'Constants.NOT_SET' (Constants/value has not been set)
220211143703.998 DEBUG 'ansible_navigator.main' After rollback: cmdline = 'Constants.NOT_SET' (Constants/value has not been set)
220211143703.998 DEBUG 'ansible_navigator.main' After rollback: collection_doc_cache_path = 'Constants.NOT_SET' (Constants/value has not been set)
220211143703.998 DEBUG 'ansible_navigator.main' After rollback: config = 'Constants.NOT_SET' (Constants/value has not been set)
220211143703.998 DEBUG 'ansible_navigator.main' After rollback: container_engine = 'Constants.NOT_SET' (Constants/value has not been set)
220211143703.998 DEBUG 'ansible_navigator.main' After rollback: container_options = 'Constants.NOT_SET' (Constants/value has not been set)
220211143703.998 DEBUG 'ansible_navigator.main' After rollback: display_color = 'Constants.NOT_SET' (Constants/value has not been set)
220211143703.998 DEBUG 'ansible_navigator.main' After rollback: editor_command = 'Constants.NOT_SET' (Constants/value has not been set)
220211143703.998 DEBUG 'ansible_navigator.main' After rollback: editor_console = 'Constants.NOT_SET' (Constants/value has not been set)
220211143703.998 DEBUG 'ansible_navigator.main' After rollback: execution_environment = 'Constants.NOT_SET' (Constants/value has not been set)
220211143703.998 DEBUG 'ansible_navigator.main' After rollback: execution_environment_image = 'Constants.NOT_SET' (Constants/value has not been set)
220211143703.998 DEBUG 'ansible_navigator.main' After rollback: execution_environment_volume_mounts = 'Constants.NOT_SET' (Constants/value has not been set)
220211143703.998 DEBUG 'ansible_navigator.main' After rollback: help_config = 'Constants.NOT_SET' (Constants/value has not been set)
220211143703.998 DEBUG 'ansible_navigator.main' After rollback: help_doc = 'Constants.NOT_SET' (Constants/value has not been set)
220211143703.998 DEBUG 'ansible_navigator.main' After rollback: help_inventory = 'Constants.NOT_SET' (Constants/value has not been set)
220211143703.998 DEBUG 'ansible_navigator.main' After rollback: help_playbook = 'Constants.NOT_SET' (Constants/value has not been set)
220211143703.998 DEBUG 'ansible_navigator.main' After rollback: inventory = 'Constants.NOT_SET' (Constants/value has not been set)
220211143703.998 DEBUG 'ansible_navigator.main' After rollback: inventory_column = 'Constants.NOT_SET' (Constants/value has not been set)
220211143703.998 DEBUG 'ansible_navigator.main' After rollback: log_append = 'Constants.NOT_SET' (Constants/value has not been set)
220211143703.998 DEBUG 'ansible_navigator.main' After rollback: log_file = 'Constants.NOT_SET' (Constants/value has not been set)
220211143703.998 DEBUG 'ansible_navigator.main' After rollback: log_level = 'Constants.NOT_SET' (Constants/value has not been set)
220211143703.998 DEBUG 'ansible_navigator.main' After rollback: mode = 'Constants.NOT_SET' (Constants/value has not been set)
220211143703.998 DEBUG 'ansible_navigator.main' After rollback: osc4 = 'Constants.NOT_SET' (Constants/value has not been set)
220211143703.998 DEBUG 'ansible_navigator.main' After rollback: pass_environment_variable = 'Constants.NOT_SET' (Constants/value has not been set)
220211143703.998 DEBUG 'ansible_navigator.main' After rollback: playbook = 'Constants.NOT_SET' (Constants/value has not been set)
220211143703.998 DEBUG 'ansible_navigator.main' After rollback: playbook_artifact_enable = 'Constants.NOT_SET' (Constants/value has not been set)
220211143703.998 DEBUG 'ansible_navigator.main' After rollback: playbook_artifact_replay = 'Constants.NOT_SET' (Constants/value has not been set)
220211143703.998 DEBUG 'ansible_navigator.main' After rollback: playbook_artifact_save_as = 'Constants.NOT_SET' (Constants/value has not been set)
220211143703.998 DEBUG 'ansible_navigator.main' After rollback: plugin_name = 'Constants.NOT_SET' (Constants/value has not been set)
220211143703.998 DEBUG 'ansible_navigator.main' After rollback: plugin_type = 'Constants.NOT_SET' (Constants/value has not been set)
220211143703.998 DEBUG 'ansible_navigator.main' After rollback: pull_policy = 'Constants.NOT_SET' (Constants/value has not been set)
220211143703.998 DEBUG 'ansible_navigator.main' After rollback: set_environment_variable = 'Constants.NOT_SET' (Constants/value has not been set)
220211143703.998 DEBUG 'ansible_navigator.main' Configuration rollback complete.
220211143703.998 ERROR 'ansible_navigator.main' Command provided: '-m stdout site.yml'
220211143703.998 ERROR 'ansible_navigator.main' argument {subcommand} --help: invalid choice: 'site.yml' (choose from 'collections', 'config', 'doc', 'images', 'inventory', 'replay', 'run', 'welcome')
220211143703.998 ERROR 'ansible_navigator.main' Configuration failed, using default log file location: /home/truch/ansible-examples/yum-update/ansible-navigator.log. Log level set to debug
220211143703.998 INFO 'ansible_navigator.main' Review the hints and log file to see what went wrong: /home/truch/ansible-examples/yum-update/ansible-navigator.log
220211143921.213 INFO 'ansible_navigator.setup_logger' New ansible-navigator instance, logging initialized
220211143921.214 INFO 'ansible_navigator.setup_logger' New ansible-runner instance, logging initialized
220211143921.214 DEBUG 'ansible_navigator.main' Share directory '/usr/lib/python3.8/share/ansible_navigator' not found (development path)
220211143921.214 DEBUG 'ansible_navigator.main' Share directory '/home/truch/.local/share/ansible_navigator' not found (userbase)
220211143921.214 DEBUG 'ansible_navigator.main' Share directory '/usr/share/ansible_navigator' found (sys.prefix)
220211143921.214 DEBUG 'ansible_navigator.main' Default collection_doc_cache_path set to: /home/truch/.cache/ansible-navigator/collection_doc_cache.db
220211143921.214 DEBUG 'ansible_navigator.main' EDITOR environment variable not set
220211143921.214 DEBUG 'ansible_navigator.main' Default editor_command set to: vi +{line_number} {filename}
220211143921.214 DEBUG 'ansible_navigator.main' No config file set by ANSIBLE_NAVIGATOR_CONFIG
220211143921.214 DEBUG 'ansible_navigator.main' Looking in /home/truch
220211143921.214 DEBUG 'ansible_navigator.main' Looking for '/home/truch/.ansible-navigator.yml', '/home/truch/.ansible-navigator.yaml' and '/home/truch/.ansible-navigator.json'
220211143921.214 DEBUG 'ansible_navigator.main' Found 0: 
220211143921.214 DEBUG 'ansible_navigator.main' Looking in /home/truch/ansible-examples/yum-update
220211143921.214 DEBUG 'ansible_navigator.main' Looking for '/home/truch/ansible-examples/yum-update/ansible-navigator.yml', '/home/truch/ansible-examples/yum-update/ansible-navigator.yaml' and '/home/truch/ansible-examples/yum-update/ansible-navigator.json'
220211143921.214 DEBUG 'ansible_navigator.main' Found 0: 
220211143921.214 DEBUG 'ansible_navigator.main' All found 0: 
220211143921.214 DEBUG 'ansible_navigator.main' Using: None
220211143921.214 DEBUG 'ansible_navigator.main' No valid settings file found, using all default values for settings.
220211143921.214 DEBUG 'ansible_navigator.main' Command provided: 'run -m stdout -i inventory site.yml'
220211143921.214 DEBUG 'ansible_navigator.main' Completed post processing for ansible_runner_artifact_dir. (changed=False)
220211143921.214 DEBUG 'ansible_navigator.main' Completed post processing for ansible_runner_rotate_artifacts_count. (changed=False)
220211143921.214 DEBUG 'ansible_navigator.main' Completed post processing for ansible_runner_timeout. (changed=False)
220211143921.214 DEBUG 'ansible_navigator.main' Completed post processing for cmdline. (changed=False)
220211143921.214 DEBUG 'ansible_navigator.main' Completed post processing for collection_doc_cache_path. (changed=False)
220211143921.214 DEBUG 'ansible_navigator.main' Completed post processing for container_engine. (changed=True)
220211143921.214 DEBUG 'ansible_navigator.main'  before: 'auto'
220211143921.214 DEBUG 'ansible_navigator.main'  after: 'podman'
220211143921.214 DEBUG 'ansible_navigator.main' Completed post processing for container_options. (changed=False)
220211143921.214 DEBUG 'ansible_navigator.main' Completed post processing for display_color. (changed=False)
220211143921.214 DEBUG 'ansible_navigator.main' Completed post processing for editor_console. (changed=False)
220211143921.214 DEBUG 'ansible_navigator.main' Completed post processing for execution_environment. (changed=False)
220211143921.214 DEBUG 'ansible_navigator.main' Completed post processing for execution_environment_image. (changed=False)
220211143921.214 DEBUG 'ansible_navigator.main' Completed post processing for execution_environment_volume_mounts. (changed=False)
220211143921.214 DEBUG 'ansible_navigator.main' Completed post processing for help_config. (changed=False)
220211143921.214 DEBUG 'ansible_navigator.main' Completed post processing for help_doc. (changed=False)
220211143921.214 DEBUG 'ansible_navigator.main' Completed post processing for help_inventory. (changed=False)
220211143921.214 DEBUG 'ansible_navigator.main' Completed post processing for help_playbook. (changed=False)
220211143921.214 DEBUG 'ansible_navigator.main' Completed post processing for inventory. (changed=True)
220211143921.214 DEBUG 'ansible_navigator.main'  before: '[['inventory', 'site.yml']]'
220211143921.214 DEBUG 'ansible_navigator.main'  after: '['/home/truch/ansible-examples/yum-update/inventory', '/home/truch/ansible-examples/yum-update/site.yml']'
220211143921.215 DEBUG 'ansible_navigator.main' Completed post processing for inventory_column. (changed=False)
220211143921.215 DEBUG 'ansible_navigator.main' Completed post processing for log_append. (changed=False)
220211143921.215 DEBUG 'ansible_navigator.main' Completed post processing for log_file. (changed=False)
220211143921.215 DEBUG 'ansible_navigator.main' Completed post processing for mode. (changed=False)
220211143921.215 DEBUG 'ansible_navigator.main' Completed post processing for osc4. (changed=False)
220211143921.215 DEBUG 'ansible_navigator.main' Completed post processing for pass_environment_variable. (changed=False)
220211143921.215 DEBUG 'ansible_navigator.main' Completed post processing for playbook. (changed=False)
220211143921.215 DEBUG 'ansible_navigator.main' Completed post processing for playbook_artifact_enable. (changed=False)
220211143921.215 DEBUG 'ansible_navigator.main' Completed post processing for playbook_artifact_replay. (changed=False)
220211143921.215 DEBUG 'ansible_navigator.main' Completed post processing for plugin_name. (changed=False)
220211143921.215 DEBUG 'ansible_navigator.main' Completed post processing for set_environment_variable. (changed=False)
220211143921.215 WARNING 'ansible_navigator.main' Configuration errors encountered, rolling back to previous configuration.
220211143921.215 DEBUG 'ansible_navigator.main' Prior to rollback: ansible_runner_artifact_dir = 'Constants.NOT_SET' (Constants/value has not been set)
220211143921.215 DEBUG 'ansible_navigator.main' Prior to rollback: ansible_runner_rotate_artifacts_count = 'Constants.NOT_SET' (Constants/value has not been set)
220211143921.215 DEBUG 'ansible_navigator.main' Prior to rollback: ansible_runner_timeout = 'Constants.NOT_SET' (Constants/value has not been set)
220211143921.215 DEBUG 'ansible_navigator.main' Prior to rollback: app = 'run' (str/cli parameters)
220211143921.215 DEBUG 'ansible_navigator.main' Prior to rollback: cmdline = 'Constants.NOT_SET' (Constants/value has not been set)
220211143921.215 DEBUG 'ansible_navigator.main' Prior to rollback: collection_doc_cache_path = '/home/truch/.cache/ansible-navigator/collection_doc_cache.db' (str/default configuration value)
220211143921.215 DEBUG 'ansible_navigator.main' Prior to rollback: config = 'Constants.NOT_SET' (Constants/value has not been set)
220211143921.215 DEBUG 'ansible_navigator.main' Prior to rollback: container_engine = 'podman' (str/default configuration value)
220211143921.215 DEBUG 'ansible_navigator.main' Prior to rollback: container_options = 'Constants.NOT_SET' (Constants/value has not been set)
220211143921.215 DEBUG 'ansible_navigator.main' Prior to rollback: display_color = 'True' (bool/default configuration value)
220211143921.215 DEBUG 'ansible_navigator.main' Prior to rollback: editor_command = 'vi +{line_number} {filename}' (str/default configuration value)
220211143921.215 DEBUG 'ansible_navigator.main' Prior to rollback: editor_console = 'True' (bool/default configuration value)
220211143921.215 DEBUG 'ansible_navigator.main' Prior to rollback: execution_environment = 'True' (bool/default configuration value)
220211143921.215 DEBUG 'ansible_navigator.main' Prior to rollback: execution_environment_image = 'registry.redhat.io/ansible-automation-platform-21/ee-supported-rhel8:latest' (str/default configuration value)
220211143921.215 DEBUG 'ansible_navigator.main' Prior to rollback: execution_environment_volume_mounts = 'Constants.NOT_SET' (Constants/value has not been set)
220211143921.215 DEBUG 'ansible_navigator.main' Prior to rollback: help_config = 'False' (bool/default configuration value)
220211143921.215 DEBUG 'ansible_navigator.main' Prior to rollback: help_doc = 'False' (bool/default configuration value)
220211143921.215 DEBUG 'ansible_navigator.main' Prior to rollback: help_inventory = 'False' (bool/default configuration value)
220211143921.215 DEBUG 'ansible_navigator.main' Prior to rollback: help_playbook = 'False' (bool/default configuration value)
220211143921.215 DEBUG 'ansible_navigator.main' Prior to rollback: inventory = '['/home/truch/ansible-examples/yum-update/inventory', '/home/truch/ansible-examples/yum-update/site.yml']' (list/cli parameters)
220211143921.215 DEBUG 'ansible_navigator.main' Prior to rollback: inventory_column = 'Constants.NOT_SET' (Constants/value has not been set)
220211143921.215 DEBUG 'ansible_navigator.main' Prior to rollback: log_append = 'True' (bool/default configuration value)
220211143921.215 DEBUG 'ansible_navigator.main' Prior to rollback: log_file = '/home/truch/ansible-examples/yum-update/ansible-navigator.log' (str/default configuration value)
220211143921.215 DEBUG 'ansible_navigator.main' Prior to rollback: log_level = 'warning' (str/default configuration value)
220211143921.215 DEBUG 'ansible_navigator.main' Prior to rollback: mode = 'stdout' (str/cli parameters)
220211143921.215 DEBUG 'ansible_navigator.main' Prior to rollback: osc4 = 'True' (bool/default configuration value)
220211143921.215 DEBUG 'ansible_navigator.main' Prior to rollback: pass_environment_variable = 'Constants.NOT_SET' (Constants/value has not been set)
220211143921.215 DEBUG 'ansible_navigator.main' Prior to rollback: playbook = 'Constants.NOT_SET' (Constants/value has not been set)
220211143921.215 DEBUG 'ansible_navigator.main' Prior to rollback: playbook_artifact_enable = 'True' (bool/default configuration value)
220211143921.215 DEBUG 'ansible_navigator.main' Prior to rollback: playbook_artifact_replay = 'Constants.NOT_SET' (Constants/value has not been set)
220211143921.215 DEBUG 'ansible_navigator.main' Prior to rollback: playbook_artifact_save_as = '{playbook_dir}/{playbook_name}-artifact-{ts_utc}.json' (str/default configuration value)
220211143921.215 DEBUG 'ansible_navigator.main' Prior to rollback: plugin_name = 'Constants.NOT_SET' (Constants/value has not been set)
220211143921.215 DEBUG 'ansible_navigator.main' Prior to rollback: plugin_type = 'module' (str/default configuration value)
220211143921.215 DEBUG 'ansible_navigator.main' Prior to rollback: pull_policy = 'tag' (str/default configuration value)
220211143921.215 DEBUG 'ansible_navigator.main' Prior to rollback: set_environment_variable = 'Constants.NOT_SET' (Constants/value has not been set)
220211143921.215 DEBUG 'ansible_navigator.main' After rollback: ansible_runner_artifact_dir = 'Constants.NOT_SET' (Constants/value has not been set)
220211143921.215 DEBUG 'ansible_navigator.main' After rollback: ansible_runner_rotate_artifacts_count = 'Constants.NOT_SET' (Constants/value has not been set)
220211143921.215 DEBUG 'ansible_navigator.main' After rollback: ansible_runner_timeout = 'Constants.NOT_SET' (Constants/value has not been set)
220211143921.216 DEBUG 'ansible_navigator.main' After rollback: app = 'Constants.NOT_SET' (Constants/value has not been set)
220211143921.216 DEBUG 'ansible_navigator.main' After rollback: cmdline = 'Constants.NOT_SET' (Constants/value has not been set)
220211143921.216 DEBUG 'ansible_navigator.main' After rollback: collection_doc_cache_path = 'Constants.NOT_SET' (Constants/value has not been set)
220211143921.216 DEBUG 'ansible_navigator.main' After rollback: config = 'Constants.NOT_SET' (Constants/value has not been set)
220211143921.216 DEBUG 'ansible_navigator.main' After rollback: container_engine = 'Constants.NOT_SET' (Constants/value has not been set)
220211143921.216 DEBUG 'ansible_navigator.main' After rollback: container_options = 'Constants.NOT_SET' (Constants/value has not been set)
220211143921.216 DEBUG 'ansible_navigator.main' After rollback: display_color = 'Constants.NOT_SET' (Constants/value has not been set)
220211143921.216 DEBUG 'ansible_navigator.main' After rollback: editor_command = 'Constants.NOT_SET' (Constants/value has not been set)
220211143921.216 DEBUG 'ansible_navigator.main' After rollback: editor_console = 'Constants.NOT_SET' (Constants/value has not been set)
220211143921.216 DEBUG 'ansible_navigator.main' After rollback: execution_environment = 'Constants.NOT_SET' (Constants/value has not been set)
220211143921.216 DEBUG 'ansible_navigator.main' After rollback: execution_environment_image = 'Constants.NOT_SET' (Constants/value has not been set)
220211143921.216 DEBUG 'ansible_navigator.main' After rollback: execution_environment_volume_mounts = 'Constants.NOT_SET' (Constants/value has not been set)
220211143921.216 DEBUG 'ansible_navigator.main' After rollback: help_config = 'Constants.NOT_SET' (Constants/value has not been set)
220211143921.216 DEBUG 'ansible_navigator.main' After rollback: help_doc = 'Constants.NOT_SET' (Constants/value has not been set)
220211143921.216 DEBUG 'ansible_navigator.main' After rollback: help_inventory = 'Constants.NOT_SET' (Constants/value has not been set)
220211143921.216 DEBUG 'ansible_navigator.main' After rollback: help_playbook = 'Constants.NOT_SET' (Constants/value has not been set)
220211143921.216 DEBUG 'ansible_navigator.main' After rollback: inventory = 'Constants.NOT_SET' (Constants/value has not been set)
220211143921.216 DEBUG 'ansible_navigator.main' After rollback: inventory_column = 'Constants.NOT_SET' (Constants/value has not been set)
220211143921.216 DEBUG 'ansible_navigator.main' After rollback: log_append = 'Constants.NOT_SET' (Constants/value has not been set)
220211143921.216 DEBUG 'ansible_navigator.main' After rollback: log_file = 'Constants.NOT_SET' (Constants/value has not been set)
220211143921.216 DEBUG 'ansible_navigator.main' After rollback: log_level = 'Constants.NOT_SET' (Constants/value has not been set)
220211143921.216 DEBUG 'ansible_navigator.main' After rollback: mode = 'Constants.NOT_SET' (Constants/value has not been set)
220211143921.216 DEBUG 'ansible_navigator.main' After rollback: osc4 = 'Constants.NOT_SET' (Constants/value has not been set)
220211143921.216 DEBUG 'ansible_navigator.main' After rollback: pass_environment_variable = 'Constants.NOT_SET' (Constants/value has not been set)
220211143921.216 DEBUG 'ansible_navigator.main' After rollback: playbook = 'Constants.NOT_SET' (Constants/value has not been set)
220211143921.216 DEBUG 'ansible_navigator.main' After rollback: playbook_artifact_enable = 'Constants.NOT_SET' (Constants/value has not been set)
220211143921.216 DEBUG 'ansible_navigator.main' After rollback: playbook_artifact_replay = 'Constants.NOT_SET' (Constants/value has not been set)
220211143921.216 DEBUG 'ansible_navigator.main' After rollback: playbook_artifact_save_as = 'Constants.NOT_SET' (Constants/value has not been set)
220211143921.216 DEBUG 'ansible_navigator.main' After rollback: plugin_name = 'Constants.NOT_SET' (Constants/value has not been set)
220211143921.216 DEBUG 'ansible_navigator.main' After rollback: plugin_type = 'Constants.NOT_SET' (Constants/value has not been set)
220211143921.216 DEBUG 'ansible_navigator.main' After rollback: pull_policy = 'Constants.NOT_SET' (Constants/value has not been set)
220211143921.216 DEBUG 'ansible_navigator.main' After rollback: set_environment_variable = 'Constants.NOT_SET' (Constants/value has not been set)
220211143921.216 DEBUG 'ansible_navigator.main' Configuration rollback complete.
220211143921.216 ERROR 'ansible_navigator.main' Command provided: 'run -m stdout -i inventory site.yml'
220211143921.216 ERROR 'ansible_navigator.main' A playbook is required when using the run subcommand
220211143921.216 INFO 'ansible_navigator.main' Try again with 'run <playbook name>'
220211143921.216 ERROR 'ansible_navigator.main' Configuration failed, using default log file location: /home/truch/ansible-examples/yum-update/ansible-navigator.log. Log level set to debug
220211143921.216 INFO 'ansible_navigator.main' Review the hints and log file to see what went wrong: /home/truch/ansible-examples/yum-update/ansible-navigator.log
220211143941.549 ERROR 'ansible_navigator.image_manager.puller._log_message' Execution environment pull failed
